<?xml version="1.0" encoding="UTF-8"?>
<!-- Generated by org.testng.reporters.JUnitReportReporter -->
<testsuite hostname="Tripti-HP" name="gorest.testcase.GetRequestTest" tests="2" failures="0" timestamp="21 Aug 2019 18:26:19 GMT" time="17.157" errors="0">
  <testcase name="getTest" time="9.160" classname="gorest.testcase.GetRequestTest"/>
  <testcase name="putTest" time="7.997" classname="gorest.testcase.GetRequestTest"/>
</testsuite> <!-- gorest.testcase.GetRequestTest -->
