<?xml version="1.0" encoding="UTF-8"?>
<!-- Generated by org.testng.reporters.JUnitReportReporter -->
<testsuite hostname="Tripti-HP" name="amazon.testcase.TC1SearchBookTest" tests="1" failures="0" timestamp="21 Aug 2019 19:51:32 GMT" time="55.726" errors="0">
  <testcase name="searchBook" time="55.726" classname="amazon.testcase.TC1SearchBookTest"/>
</testsuite> <!-- amazon.testcase.TC1SearchBookTest -->
